<?xml version="1.0" encoding="UTF-8"?>
<!-- Generated by org.testng.reporters.JUnitReportReporter -->
<testsuite skipped="0" hostname="DESKTOP-4R4IFSQ" name="com.inetbanking.testcases.TestCase2" tests="5" failures="0" timestamp="2020-07-09T18:28:12 IST" time="58.912" errors="0">
  <testcase name="login_DP" time="11.741" classname="com.inetbanking.testcases.TestCase2"/>
  <system-out/>
  <testcase name="login_DP" time="8.510" classname="com.inetbanking.testcases.TestCase2"/>
  <system-out/>
  <testcase name="login_DP" time="9.399" classname="com.inetbanking.testcases.TestCase2"/>
  <system-out/>
  <testcase name="login_DP" time="9.641" classname="com.inetbanking.testcases.TestCase2"/>
  <system-out/>
  <testcase name="login_DP" time="19.621" classname="com.inetbanking.testcases.TestCase2"/>
  <system-out/>
</testsuite> <!-- com.inetbanking.testcases.TestCase2 -->
