<?xml version="1.0" encoding="UTF-8"?>
<!-- Generated by org.testng.reporters.JUnitReportReporter -->
<testsuite skipped="0" hostname="DESKTOP-4R4IFSQ" name="com.inetbanking.testcases.TestCase2" tests="5" failures="0" timestamp="2020-07-09T16:19:32 IST" time="58.044" errors="0">
  <testcase name="login_DP" time="10.938" classname="com.inetbanking.testcases.TestCase2"/>
  <system-out/>
  <testcase name="login_DP" time="10.647" classname="com.inetbanking.testcases.TestCase2"/>
  <system-out/>
  <testcase name="login_DP" time="8.733" classname="com.inetbanking.testcases.TestCase2"/>
  <system-out/>
  <testcase name="login_DP" time="9.100" classname="com.inetbanking.testcases.TestCase2"/>
  <system-out/>
  <testcase name="login_DP" time="18.626" classname="com.inetbanking.testcases.TestCase2"/>
  <system-out/>
</testsuite> <!-- com.inetbanking.testcases.TestCase2 -->
