<?xml version="1.0" encoding="UTF-8"?>
<!-- Generated by org.testng.reporters.JUnitReportReporter -->
<testsuite skipped="0" hostname="DESKTOP-4R4IFSQ" name="com.inetbanking.testcases.TestCase2" tests="5" failures="0" timestamp="2020-07-09T15:58:35 IST" time="77.159" errors="0">
  <testcase name="login_DP" time="10.378" classname="com.inetbanking.testcases.TestCase2"/>
  <system-out/>
  <testcase name="login_DP" time="10.207" classname="com.inetbanking.testcases.TestCase2"/>
  <system-out/>
  <testcase name="login_DP" time="37.922" classname="com.inetbanking.testcases.TestCase2"/>
  <system-out/>
  <testcase name="login_DP" time="9.404" classname="com.inetbanking.testcases.TestCase2"/>
  <system-out/>
  <testcase name="login_DP" time="9.248" classname="com.inetbanking.testcases.TestCase2"/>
  <system-out/>
</testsuite> <!-- com.inetbanking.testcases.TestCase2 -->
