<?xml version="1.0" encoding="UTF-8"?>
<!-- Generated by org.testng.reporters.JUnitReportReporter -->
<testsuite skipped="0" hostname="DESKTOP-4R4IFSQ" name="com.inetbanking.testcases.AddCustomerTest3" tests="1" failures="0" timestamp="2020-07-09T16:19:32 IST" time="39.406" errors="0">
  <testcase name="addnewcustomer" time="39.406" classname="com.inetbanking.testcases.AddCustomerTest3"/>
  <system-out/>
</testsuite> <!-- com.inetbanking.testcases.AddCustomerTest3 -->
