<?xml version="1.0" encoding="UTF-8"?>
<!-- Generated by org.testng.reporters.JUnitReportReporter -->
<testsuite skipped="0" hostname="DESKTOP-4R4IFSQ" name="com.inetbanking.testcases.TestCase1" tests="1" failures="0" timestamp="2020-07-09T18:28:12 IST" time="10.489" errors="0">
  <testcase name="logintest" time="10.489" classname="com.inetbanking.testcases.TestCase1"/>
  <system-out/>
</testsuite> <!-- com.inetbanking.testcases.TestCase1 -->
