<?xml version="1.0" encoding="UTF-8"?>
<!-- Generated by org.testng.reporters.JUnitReportReporter -->
<testsuite skipped="0" hostname="DESKTOP-4R4IFSQ" name="com.inetbanking.testcases.TestCase2" tests="5" failures="0" timestamp="2020-07-08T18:07:44 IST" time="43.095" errors="0">
  <testcase name="login_DP" time="8.792" classname="com.inetbanking.testcases.TestCase2"/>
  <system-out/>
  <testcase name="login_DP" time="7.442" classname="com.inetbanking.testcases.TestCase2"/>
  <system-out/>
  <testcase name="login_DP" time="10.845" classname="com.inetbanking.testcases.TestCase2"/>
  <system-out/>
  <testcase name="login_DP" time="9.558" classname="com.inetbanking.testcases.TestCase2"/>
  <system-out/>
  <testcase name="login_DP" time="6.458" classname="com.inetbanking.testcases.TestCase2"/>
  <system-out/>
</testsuite> <!-- com.inetbanking.testcases.TestCase2 -->
